
> plutojs@1.0.0 build-storybook
> storybook build --output-dir C:\Users\Asus\AppData\Local\Temp\chromatic--16700-Dt1n09mpz5HX

@storybook/cli v7.6.7

info => Cleaning outputDir: C:\Users\Asus\AppData\Local\Temp\chromatic--16700-Dt1n09mpz5HX
info => Loading presets
info => Building manager..
info => Manager built (897 ms)
info => Building preview..
info => Copying static files: F:\pluto\node_modules\@storybook\manager\static at C:\Users\Asus\AppData\Local\Temp\chromatic--16700-Dt1n09mpz5HX\sb-common-assets
[36mvite v4.5.1 [32mbuilding for production...[36m[39m

./sb-common-assets/fonts.css doesn't exist at build time, it will remain unchanged to be resolved at runtime
transforming...
node_modules/telejson/dist/index.mjs (1413:15) Use of eval in "node_modules/telejson/dist/index.mjs" is strongly discouraged as it poses security risks and may cause issues with minification.
node_modules/telejson/dist/index.mjs (1416:18) Use of eval in "node_modules/telejson/dist/index.mjs" is strongly discouraged as it poses security risks and may cause issues with minification.
[32m✓[39m 588 modules transformed.
rendering chunks...
computing gzip size...
[2mC:/Users/Asus/AppData/Local/Temp/chromatic--16700-Dt1n09mpz5HX/[22m[32massets/youtube-9f26eb0b.svg                    [39m[1m[2m  0.72 kB[22m[1m[22m[2m │ gzip:   0.36 kB[22m
[2mC:/Users/Asus/AppData/Local/Temp/chromatic--16700-Dt1n09mpz5HX/[22m[32massets/tutorials-adff6365.svg                  [39m[1m[2m  1.27 kB[22m[1m[22m[2m │ gzip:   0.63 kB[22m
[2mC:/Users/Asus/AppData/Local/Temp/chromatic--16700-Dt1n09mpz5HX/[22m[32massets/discord-f7d1b78c.svg                    [39m[1m[2m  2.41 kB[22m[1m[22m[2m │ gzip:   1.15 kB[22m
[2mC:/Users/Asus/AppData/Local/Temp/chromatic--16700-Dt1n09mpz5HX/[22m[32massets/github-cdfc3270.svg                     [39m[1m[2m  2.72 kB[22m[1m[22m[2m │ gzip:   1.28 kB[22m
[2mC:/Users/Asus/AppData/Local/Temp/chromatic--16700-Dt1n09mpz5HX/[22m[32massets/context-c612d889.png                    [39m[1m[2m  6.12 kB[22m[1m[22m
[2mC:/Users/Asus/AppData/Local/Temp/chromatic--16700-Dt1n09mpz5HX/[22m[32massets/styling-c83082e0.png                    [39m[1m[2m  7.24 kB[22m[1m[22m
[2mC:/Users/Asus/AppData/Local/Temp/chromatic--16700-Dt1n09mpz5HX/[22m[32miframe.html                                    [39m[1m[2m 12.80 kB[22m[1m[22m[2m │ gzip:   3.59 kB[22m
[2mC:/Users/Asus/AppData/Local/Temp/chromatic--16700-Dt1n09mpz5HX/[22m[32massets/docs-5b0c7100.png                       [39m[1m[2m 27.88 kB[22m[1m[22m
[2mC:/Users/Asus/AppData/Local/Temp/chromatic--16700-Dt1n09mpz5HX/[22m[32massets/share-b59d6c77.png                      [39m[1m[2m 40.77 kB[22m[1m[22m
[2mC:/Users/Asus/AppData/Local/Temp/chromatic--16700-Dt1n09mpz5HX/[22m[32massets/accessibility-cd6d60f7.png              [39m[1m[2m 42.34 kB[22m[1m[22m
[2mC:/Users/Asus/AppData/Local/Temp/chromatic--16700-Dt1n09mpz5HX/[22m[32massets/figma-plugin-b0a5ad2d.png               [39m[1m[2m 44.25 kB[22m[1m[22m
[2mC:/Users/Asus/AppData/Local/Temp/chromatic--16700-Dt1n09mpz5HX/[22m[32massets/theming-b6e819c3.png                    [39m[1m[2m 44.37 kB[22m[1m[22m
[2mC:/Users/Asus/AppData/Local/Temp/chromatic--16700-Dt1n09mpz5HX/[22m[32massets/testing-6a59f681.png                    [39m[1m[2m 49.31 kB[22m[1m[22m
[2mC:/Users/Asus/AppData/Local/Temp/chromatic--16700-Dt1n09mpz5HX/[22m[32massets/addon-library-bc7ba705.png              [39m[1m[2m467.37 kB[22m[1m[22m
[2mC:/Users/Asus/AppData/Local/Temp/chromatic--16700-Dt1n09mpz5HX/[22m[35massets/Header-a6911580.css                     [39m[1m[2m  0.51 kB[22m[1m[22m[2m │ gzip:   0.31 kB[22m
[2mC:/Users/Asus/AppData/Local/Temp/chromatic--16700-Dt1n09mpz5HX/[22m[35massets/Button-bc1a867b.css                     [39m[1m[2m  0.52 kB[22m[1m[22m[2m │ gzip:   0.29 kB[22m
[2mC:/Users/Asus/AppData/Local/Temp/chromatic--16700-Dt1n09mpz5HX/[22m[35massets/Page.stories-ece1482a.css               [39m[1m[2m  0.93 kB[22m[1m[22m[2m │ gzip:   0.39 kB[22m
[2mC:/Users/Asus/AppData/Local/Temp/chromatic--16700-Dt1n09mpz5HX/[22m[35massets/preview-4a2ac3df.css                    [39m[1m[2m  6.33 kB[22m[1m[22m[2m │ gzip:   1.86 kB[22m
[2mC:/Users/Asus/AppData/Local/Temp/chromatic--16700-Dt1n09mpz5HX/[22m[36massets/preview-a9ec76c7.js                     [39m[1m[2m  0.15 kB[22m[1m[22m[2m │ gzip:   0.15 kB[22m
[2mC:/Users/Asus/AppData/Local/Temp/chromatic--16700-Dt1n09mpz5HX/[22m[36massets/index-3685aeb7.js                       [39m[1m[2m  0.21 kB[22m[1m[22m[2m │ gzip:   0.17 kB[22m
[2mC:/Users/Asus/AppData/Local/Temp/chromatic--16700-Dt1n09mpz5HX/[22m[36massets/_commonjsHelpers-725317a4.js            [39m[1m[2m  0.24 kB[22m[1m[22m[2m │ gzip:   0.18 kB[22m
[2mC:/Users/Asus/AppData/Local/Temp/chromatic--16700-Dt1n09mpz5HX/[22m[36massets/WithTooltip-V3YHNWJZ-780cb20e.js        [39m[1m[2m  0.36 kB[22m[1m[22m[2m │ gzip:   0.21 kB[22m
[2mC:/Users/Asus/AppData/Local/Temp/chromatic--16700-Dt1n09mpz5HX/[22m[36massets/syntaxhighlighter-V7JZZA35-7f29d786.js  [39m[1m[2m  0.38 kB[22m[1m[22m[2m │ gzip:   0.23 kB[22m
[2mC:/Users/Asus/AppData/Local/Temp/chromatic--16700-Dt1n09mpz5HX/[22m[36massets/index-dc1d5b46.js                       [39m[1m[2m  0.49 kB[22m[1m[22m[2m │ gzip:   0.31 kB[22m
[2mC:/Users/Asus/AppData/Local/Temp/chromatic--16700-Dt1n09mpz5HX/[22m[36massets/preview-efdae258.js                     [39m[1m[2m  0.50 kB[22m[1m[22m[2m │ gzip:   0.31 kB[22m
[2mC:/Users/Asus/AppData/Local/Temp/chromatic--16700-Dt1n09mpz5HX/[22m[36massets/react-18-170c9fcf.js                    [39m[1m[2m  0.55 kB[22m[1m[22m[2m │ gzip:   0.34 kB[22m
[2mC:/Users/Asus/AppData/Local/Temp/chromatic--16700-Dt1n09mpz5HX/[22m[36massets/preview-73104b77.js                     [39m[1m[2m  0.64 kB[22m[1m[22m[2m │ gzip:   0.44 kB[22m
[2mC:/Users/Asus/AppData/Local/Temp/chromatic--16700-Dt1n09mpz5HX/[22m[36massets/index-356e4a49.js                       [39m[1m[2m  0.77 kB[22m[1m[22m[2m │ gzip:   0.47 kB[22m
[2mC:/Users/Asus/AppData/Local/Temp/chromatic--16700-Dt1n09mpz5HX/[22m[36massets/index-2baff29e.js                       [39m[1m[2m  0.80 kB[22m[1m[22m[2m │ gzip:   0.52 kB[22m
[2mC:/Users/Asus/AppData/Local/Temp/chromatic--16700-Dt1n09mpz5HX/[22m[36massets/preview-0ef86afd.js                     [39m[1m[2m  0.86 kB[22m[1m[22m[2m │ gzip:   0.55 kB[22m
[2mC:/Users/Asus/AppData/Local/Temp/chromatic--16700-Dt1n09mpz5HX/[22m[36massets/Header.stories-8cda672e.js              [39m[1m[2m  0.87 kB[22m[1m[22m[2m │ gzip:   0.45 kB[22m
[2mC:/Users/Asus/AppData/Local/Temp/chromatic--16700-Dt1n09mpz5HX/[22m[36massets/jsx-runtime-bc5d6cf6.js                 [39m[1m[2m  0.97 kB[22m[1m[22m[2m │ gzip:   0.60 kB[22m
[2mC:/Users/Asus/AppData/Local/Temp/chromatic--16700-Dt1n09mpz5HX/[22m[36massets/entry-preview-a94de739.js               [39m[1m[2m  1.15 kB[22m[1m[22m[2m │ gzip:   0.67 kB[22m
[2mC:/Users/Asus/AppData/Local/Temp/chromatic--16700-Dt1n09mpz5HX/[22m[36massets/DocsRenderer-NNNQARDV-58d0f78c.js       [39m[1m[2m  1.25 kB[22m[1m[22m[2m │ gzip:   0.66 kB[22m
[2mC:/Users/Asus/AppData/Local/Temp/chromatic--16700-Dt1n09mpz5HX/[22m[36massets/Button-dc186f59.js                      [39m[1m[2m  1.44 kB[22m[1m[22m[2m │ gzip:   0.66 kB[22m
[2mC:/Users/Asus/AppData/Local/Temp/chromatic--16700-Dt1n09mpz5HX/[22m[36massets/Button.stories-9a243f16.js              [39m[1m[2m  1.52 kB[22m[1m[22m[2m │ gzip:   0.58 kB[22m
[2mC:/Users/Asus/AppData/Local/Temp/chromatic--16700-Dt1n09mpz5HX/[22m[36massets/Header-207447ca.js                      [39m[1m[2m  1.66 kB[22m[1m[22m[2m │ gzip:   0.80 kB[22m
[2mC:/Users/Asus/AppData/Local/Temp/chromatic--16700-Dt1n09mpz5HX/[22m[36massets/index-11d98b33.js                       [39m[1m[2m  2.59 kB[22m[1m[22m[2m │ gzip:   1.26 kB[22m
[2mC:/Users/Asus/AppData/Local/Temp/chromatic--16700-Dt1n09mpz5HX/[22m[36massets/preview-30b54f76.js                     [39m[1m[2m  3.21 kB[22m[1m[22m[2m │ gzip:   1.37 kB[22m
[2mC:/Users/Asus/AppData/Local/Temp/chromatic--16700-Dt1n09mpz5HX/[22m[36massets/Badge.stories-400c0d16.js               [39m[1m[2m  3.76 kB[22m[1m[22m[2m │ gzip:   1.12 kB[22m
[2mC:/Users/Asus/AppData/Local/Temp/chromatic--16700-Dt1n09mpz5HX/[22m[36massets/iframe-6d930385.js                      [39m[1m[2m  5.21 kB[22m[1m[22m[2m │ gzip:   1.75 kB[22m
[2mC:/Users/Asus/AppData/Local/Temp/chromatic--16700-Dt1n09mpz5HX/[22m[36massets/preview-d01b88e8.js                     [39m[1m[2m  5.23 kB[22m[1m[22m[2m │ gzip:   2.39 kB[22m
[2mC:/Users/Asus/AppData/Local/Temp/chromatic--16700-Dt1n09mpz5HX/[22m[36massets/index-c013ead5.js                       [39m[1m[2m  7.16 kB[22m[1m[22m[2m │ gzip:   2.91 kB[22m
[2mC:/Users/Asus/AppData/Local/Temp/chromatic--16700-Dt1n09mpz5HX/[22m[36massets/preview-da31036b.js                     [39m[1m[2m  7.62 kB[22m[1m[22m[2m │ gzip:   1.56 kB[22m
[2mC:/Users/Asus/AppData/Local/Temp/chromatic--16700-Dt1n09mpz5HX/[22m[36massets/preview-c56bf6ac.js                     [39m[1m[2m  8.28 kB[22m[1m[22m[2m │ gzip:   3.16 kB[22m
[2mC:/Users/Asus/AppData/Local/Temp/chromatic--16700-Dt1n09mpz5HX/[22m[36massets/Configure-bad7cbb6.js                   [39m[1m[2m 16.94 kB[22m[1m[22m[2m │ gzip:   7.68 kB[22m
[2mC:/Users/Asus/AppData/Local/Temp/chromatic--16700-Dt1n09mpz5HX/[22m[36massets/Color-6VNJS4EI-2f1b47eb.js              [39m[1m[2m 30.98 kB[22m[1m[22m[2m │ gzip:  11.60 kB[22m
[2mC:/Users/Asus/AppData/Local/Temp/chromatic--16700-Dt1n09mpz5HX/[22m[36massets/preview-8f310eab.js                     [39m[1m[2m 72.07 kB[22m[1m[22m[2m │ gzip:  24.33 kB[22m
[2mC:/Users/Asus/AppData/Local/Temp/chromatic--16700-Dt1n09mpz5HX/[22m[36massets/index-f889f612.js                       [39m[1m[2m 78.40 kB[22m[1m[22m[2m │ gzip:  23.41 kB[22m
[2mC:/Users/Asus/AppData/Local/Temp/chromatic--16700-Dt1n09mpz5HX/[22m[36massets/index-169ee69c.js                       [39m[1m[2m134.07 kB[22m[1m[22m[2m │ gzip:  43.20 kB[22m
[2mC:/Users/Asus/AppData/Local/Temp/chromatic--16700-Dt1n09mpz5HX/[22m[36massets/entry-preview-docs-11fa4745.js          [39m[1m[2m321.84 kB[22m[1m[22m[2m │ gzip:  98.69 kB[22m
[2mC:/Users/Asus/AppData/Local/Temp/chromatic--16700-Dt1n09mpz5HX/[22m[36massets/index-2c2a50d8.js                       [39m[1m[33m538.14 kB[39m[22m[2m │ gzip: 175.08 kB[22m
[2mC:/Users/Asus/AppData/Local/Temp/chromatic--16700-Dt1n09mpz5HX/[22m[36massets/Page.stories-80b13f59.js                [39m[1m[33m564.33 kB[39m[22m[2m │ gzip: 149.44 kB[22m
[2mC:/Users/Asus/AppData/Local/Temp/chromatic--16700-Dt1n09mpz5HX/[22m[36massets/formatter-SWP5E3XI-ad076b49.js          [39m[1m[33m601.56 kB[39m[22m[2m │ gzip: 184.98 kB[22m
[33m
(!) Some chunks are larger than 500 kBs after minification. Consider:
- Using dynamic import() to code-split the application
- Use build.rollupOptions.output.manualChunks to improve chunking: https://rollupjs.org/configuration-options/#output-manualchunks
- Adjust chunk size limit for this warning via build.chunkSizeWarningLimit.[39m
[32m✓ built in 57.93s[39m
info => Preview built (1.08 min)
info => Output directory: C:\Users\Asus\AppData\Local\Temp\chromatic--16700-Dt1n09mpz5HX
